C:\Program Files (x86)\Microsoft Visual Studio\2019\Community\MSBuild\Microsoft\VC\v160\Microsoft.CppBuild.targets(504,5): warning MSB8004: Intermediate Directory does not end with a trailing slash.  This build instance will add the slash as it is required to allow proper evaluation of the Intermediate Directory.
C:\Program Files (x86)\Microsoft Visual Studio\2019\Community\MSBuild\Microsoft\VC\v160\Microsoft.CppBuild.targets(505,5): warning MSB8004: Output Directory does not end with a trailing slash.  This build instance will add the slash as it is required to allow proper evaluation of the Output Directory.
  Building Custom Rule C:/Users/Louis Proffit/OneDrive/Git/INF443/scenes/projet_planete/CMakeLists.txt
  basic_types.cpp
  error.cpp
  rand.cpp
  string.cpp
  test_buffer.cpp
  test_buffer_stack.cpp
  test_grid.cpp
  test_grid_stack_2D.cpp
  offset_grid.cpp
  curve_drawable.cpp
  hierarchy_mesh_drawable.cpp
  hierarchy_mesh_drawable_node.cpp
  mesh_drawable.cpp
  mesh_normal_drawable.cpp
  mesh_wireframe_drawable.cpp
  segments_drawable.cpp
  shading_parameters.cpp
  trajectory_drawable.cpp
  image.cpp
  debug.cpp
  opengl_helper.cpp
  shaders.cpp
  texture.cpp
  uniform.cpp
  window.cpp
  files.cpp
  camera_around_center.cpp
  camera_base.cpp
  camera_head.cpp
  camera_spherical_coordinates.cpp
  common_functions.cpp
  glfw_interaction.cpp
  gui.cpp
  timer_basic.cpp
  timer_event_periodic.cpp
  timer_fps.cpp
  timer_interval.cpp
  velocity_tracker.cpp
  affine_rt.cpp
  affine_rts.cpp
  frame.cpp
  interpolation.cpp
  mat4.cpp
  test_matrix_stack.cpp
  projection.cpp
  quaternion.cpp
  rotation.cpp
  test_rotation.cpp
  test_vec_mat.cpp
  vec_mat.cpp
  shaders_preset.cpp
  curve.cpp
  intersection.cpp
  obj.cpp
  mesh_primitive.cpp
  mesh.cpp
  noise.cpp
  glad.cpp
  imgui.cpp
  imgui_demo.cpp
  imgui_draw.cpp
  imgui_impl_glfw.cpp
  imgui_impl_opengl3.cpp
  imgui_widgets.cpp
  lodepng.cpp
  simplexnoise1234.cpp
  Sphere.cpp
  main.cpp
  objects.cpp
  plane.cpp
  satelite.cpp
  terrain.cpp
  tools.cpp
C:\Users\Louis Proffit\OneDrive\Git\INF443\scenes\projet_planete\src\Sphere.cpp(34,11): warning C4189: 'angle1': local variable is initialized but not referenced
C:\Users\Louis Proffit\OneDrive\Git\INF443\scenes\projet_planete\src\Sphere.cpp(35,11): warning C4189: 'angle2': local variable is initialized but not referenced
C:\Users\Louis Proffit\OneDrive\Git\INF443\scenes\projet_planete\src\Sphere.cpp(36,11): warning C4189: 'angle3': local variable is initialized but not referenced
C:\Users\Louis Proffit\OneDrive\Git\INF443\scenes\projet_planete\src\Sphere.cpp(116,27): warning C4018: '<': signed/unsigned mismatch
C:\Users\Louis Proffit\OneDrive\Git\INF443\scenes\projet_planete\src\Sphere.cpp(143,27): warning C4018: '<': signed/unsigned mismatch
C:\Users\Louis Proffit\OneDrive\Git\INF443\scenes\projet_planete\src\Sphere.cpp(175,88): warning C4100: 'color_2_high': unreferenced formal parameter
C:\Users\Louis Proffit\OneDrive\Git\INF443\scenes\projet_planete\src\Sphere.cpp(175,70): warning C4100: 'color_2_low': unreferenced formal parameter
C:\Users\Louis Proffit\OneDrive\Git\INF443\scenes\projet_planete\src\Sphere.cpp(175,51): warning C4100: 'color_1_high': unreferenced formal parameter
C:\Users\Louis Proffit\OneDrive\Git\INF443\scenes\projet_planete\src\Sphere.cpp(175,33): warning C4100: 'color_1_low': unreferenced formal parameter
C:\Users\Louis Proffit\OneDrive\Git\INF443\scenes\projet_planete\src\Sphere.cpp(210,23): warning C4018: '<': signed/unsigned mismatch
C:\Users\Louis Proffit\OneDrive\Git\INF443\library\vcl\display\drawable\trajectory_drawable/trajectory_drawable.hpp(32,1): error C2665: 'vcl::opengl_uniform': none of the 10 overloads could convert all the argument types (compiling source file C:\Users\Louis Proffit\OneDrive\Git\INF443\scenes\projet_planete\src\plane.cpp)
C:\Users\Louis Proffit\OneDrive\Git\INF443\scenes\projet_planete\src\objects.hpp(26,6): message : could be 'void opengl_uniform(GLuint,const scene_environment &)' [found using argument-dependent lookup] (compiling source file C:\Users\Louis Proffit\OneDrive\Git\INF443\scenes\projet_planete\src\plane.cpp)
C:\Users\Louis Proffit\OneDrive\Git\INF443\library\vcl\display\drawable\shading_parameters/shading_parameters.hpp(22,7): message : or       'void vcl::opengl_uniform(GLuint,const vcl::shading_parameters_phong &)' (compiling source file C:\Users\Louis Proffit\OneDrive\Git\INF443\scenes\projet_planete\src\plane.cpp)
C:\Users\Louis Proffit\OneDrive\Git\INF443\library\vcl\display\drawable\trajectory_drawable/trajectory_drawable.hpp(32,1): message : while trying to match the argument list '(const GLuint, const SCENE)'
          with
          [
              SCENE=scene_environement
          ] (compiling source file C:\Users\Louis Proffit\OneDrive\Git\INF443\scenes\projet_planete\src\plane.cpp)
C:\Users\Louis Proffit\OneDrive\Git\INF443\scenes\projet_planete\src\plane.cpp(70): message : see reference to function template instantiation 'void vcl::draw<scene_environement>(const vcl::trajectory_drawable &,const SCENE &)' being compiled
          with
          [
              SCENE=scene_environement
          ]
C:\Users\Louis Proffit\OneDrive\Git\INF443\library\vcl\display\drawable\trajectory_drawable/trajectory_drawable.hpp(32,1): error C2665: 'vcl::opengl_uniform': none of the 10 overloads could convert all the argument types (compiling source file C:\Users\Louis Proffit\OneDrive\Git\INF443\scenes\projet_planete\src\objects.cpp)
C:\Users\Louis Proffit\OneDrive\Git\INF443\scenes\projet_planete\src\objects.cpp(134,6): message : could be 'void opengl_uniform(GLuint,const scene_environment &)' [found using argument-dependent lookup]
C:\Users\Louis Proffit\OneDrive\Git\INF443\library\vcl\display\drawable\shading_parameters/shading_parameters.hpp(22,7): message : or       'void vcl::opengl_uniform(GLuint,const vcl::shading_parameters_phong &)' (compiling source file C:\Users\Louis Proffit\OneDrive\Git\INF443\scenes\projet_planete\src\objects.cpp)
C:\Users\Louis Proffit\OneDrive\Git\INF443\library\vcl\display\drawable\trajectory_drawable/trajectory_drawable.hpp(32,1): message : while trying to match the argument list '(const GLuint, const SCENE)'
          with
          [
              SCENE=scene_environement
          ] (compiling source file C:\Users\Louis Proffit\OneDrive\Git\INF443\scenes\projet_planete\src\objects.cpp)
C:\Users\Louis Proffit\OneDrive\Git\INF443\scenes\projet_planete\src\objects.cpp(70): message : see reference to function template instantiation 'void vcl::draw<scene_environement>(const vcl::trajectory_drawable &,const SCENE &)' being compiled
          with
          [
              SCENE=scene_environement
          ]
